<?xml version="1.0" encoding="UTF-8"?>
<testng-results ignored="0" total="3" passed="3" failed="0" skipped="0">
  <reporter-output>
  </reporter-output>
  <suite started-at="2021-08-13T15:49:01 IST" name="Default suite" finished-at="2021-08-13T15:49:05 IST" duration-ms="3786">
    <groups>
    </groups>
    <test started-at="2021-08-13T15:49:01 IST" name="Default test" finished-at="2021-08-13T15:49:05 IST" duration-ms="3786">
      <class name="tests.putPatchandDeleteExample">
        <test-method signature="testDelete()[pri:0, instance:tests.putPatchandDeleteExample@7995092a]" started-at="2021-08-13T15:49:01 IST" name="testDelete" finished-at="2021-08-13T15:49:04 IST" duration-ms="2278" status="PASS">
          <reporter-output>
          </reporter-output>
        </test-method> <!-- testDelete -->
        <test-method signature="testPatch()[pri:0, instance:tests.putPatchandDeleteExample@7995092a]" started-at="2021-08-13T15:49:04 IST" name="testPatch" finished-at="2021-08-13T15:49:05 IST" duration-ms="843" status="PASS">
          <reporter-output>
          </reporter-output>
        </test-method> <!-- testPatch -->
        <test-method signature="testPut()[pri:0, instance:tests.putPatchandDeleteExample@7995092a]" started-at="2021-08-13T15:49:05 IST" name="testPut" finished-at="2021-08-13T15:49:05 IST" duration-ms="635" status="PASS">
          <reporter-output>
          </reporter-output>
        </test-method> <!-- testPut -->
      </class> <!-- tests.putPatchandDeleteExample -->
    </test> <!-- Default test -->
  </suite> <!-- Default suite -->
</testng-results>
