<?xml version="1.0" encoding="UTF-8"?>
<!-- Generated by org.testng.reporters.JUnitXMLReporter -->
<testsuite ignored="0" hostname="ubuntu" failures="0" tests="3" name="Default test" time="3.786" errors="0" timestamp="2021-08-13T15:49:05 IST">
  <testcase classname="tests.putPatchandDeleteExample" name="testDelete" time="2.278"/>
  <testcase classname="tests.putPatchandDeleteExample" name="testPatch" time="0.843"/>
  <testcase classname="tests.putPatchandDeleteExample" name="testPut" time="0.635"/>
</testsuite> <!-- Default test -->
